2025-09-27 13:59:37,993 [INFO] Starting simple study bot...
2025-09-27 13:59:43,162 [INFO] HTTP Request: POST https://api.telegram.org/bot8466519086:AAFAMxZobhCtNldHC3CwF4EuU9gnwoMnT5A/setMyCommands "HTTP/1.1 200 OK"
2025-09-27 13:59:43,230 [INFO] HTTP Request: POST https://api.telegram.org/bot8466519086:AAFAMxZobhCtNldHC3CwF4EuU9gnwoMnT5A/getMe "HTTP/1.1 200 OK"
2025-09-27 13:59:43,231 [INFO] Simple study bot started successfully
2025-09-27 13:59:43,232 [INFO] Scheduler started
2025-09-27 13:59:43,232 [INFO] Application started
2025-09-27 13:59:43,300 [INFO] HTTP Request: POST https://api.telegram.org/bot8466519086:AAFAMxZobhCtNldHC3CwF4EuU9gnwoMnT5A/deleteWebhook "HTTP/1.1 200 OK"
2025-09-27 13:59:53,561 [INFO] HTTP Request: POST https://api.telegram.org/bot8466519086:AAFAMxZobhCtNldHC3CwF4EuU9gnwoMnT5A/getUpdates "HTTP/1.1 200 OK"
2025-09-27 14:00:03,699 [INFO] HTTP Request: POST https://api.telegram.org/bot8466519086:AAFAMxZobhCtNldHC3CwF4EuU9gnwoMnT5A/getUpdates "HTTP/1.1 200 OK"
2025-09-27 14:00:13,705 [INFO] HTTP Request: POST https://api.telegram.org/bot8466519086:AAFAMxZobhCtNldHC3CwF4EuU9gnwoMnT5A/getUpdates "HTTP/1.1 200 OK"
2025-09-27 14:00:18,043 [INFO] HTTP Request: POST https://api.telegram.org/bot8466519086:AAFAMxZobhCtNldHC3CwF4EuU9gnwoMnT5A/getUpdates "HTTP/1.1 200 OK"
2025-09-27 14:00:18,650 [INFO] HTTP Request: POST https://api.telegram.org/bot8466519086:AAFAMxZobhCtNldHC3CwF4EuU9gnwoMnT5A/sendMessage "HTTP/1.1 200 OK"
2025-09-27 14:00:23,528 [INFO] HTTP Request: POST https://api.telegram.org/bot8466519086:AAFAMxZobhCtNldHC3CwF4EuU9gnwoMnT5A/getUpdates "HTTP/1.1 200 OK"
2025-09-27 14:00:23,640 [INFO] HTTP Request: POST https://api.telegram.org/bot8466519086:AAFAMxZobhCtNldHC3CwF4EuU9gnwoMnT5A/sendMessage "HTTP/1.1 200 OK"
2025-09-27 14:00:28,362 [INFO] HTTP Request: POST https://api.telegram.org/bot8466519086:AAFAMxZobhCtNldHC3CwF4EuU9gnwoMnT5A/getUpdates "HTTP/1.1 200 OK"
2025-09-27 14:00:28,464 [INFO] HTTP Request: POST https://api.telegram.org/bot8466519086:AAFAMxZobhCtNldHC3CwF4EuU9gnwoMnT5A/sendMessage "HTTP/1.1 200 OK"
2025-09-27 14:00:34,864 [INFO] HTTP Request: POST https://api.telegram.org/bot8466519086:AAFAMxZobhCtNldHC3CwF4EuU9gnwoMnT5A/getUpdates "HTTP/1.1 200 OK"
2025-09-27 14:00:35,119 [INFO] HTTP Request: POST https://api.telegram.org/bot8466519086:AAFAMxZobhCtNldHC3CwF4EuU9gnwoMnT5A/sendMessage "HTTP/1.1 200 OK"
2025-09-27 14:00:44,966 [INFO] HTTP Request: POST https://api.telegram.org/bot8466519086:AAFAMxZobhCtNldHC3CwF4EuU9gnwoMnT5A/getUpdates "HTTP/1.1 200 OK"
2025-09-27 14:00:55,105 [INFO] HTTP Request: POST https://api.telegram.org/bot8466519086:AAFAMxZobhCtNldHC3CwF4EuU9gnwoMnT5A/getUpdates "HTTP/1.1 200 OK"
2025-09-27 14:01:05,243 [INFO] HTTP Request: POST https://api.telegram.org/bot8466519086:AAFAMxZobhCtNldHC3CwF4EuU9gnwoMnT5A/getUpdates "HTTP/1.1 200 OK"
2025-09-27 14:01:10,590 [INFO] HTTP Request: POST https://api.telegram.org/bot8466519086:AAFAMxZobhCtNldHC3CwF4EuU9gnwoMnT5A/getUpdates "HTTP/1.1 200 OK"
2025-09-27 14:01:10,891 [INFO] HTTP Request: POST https://api.telegram.org/bot8466519086:AAFAMxZobhCtNldHC3CwF4EuU9gnwoMnT5A/sendMessage "HTTP/1.1 200 OK"
2025-09-27 14:01:20,704 [INFO] HTTP Request: POST https://api.telegram.org/bot8466519086:AAFAMxZobhCtNldHC3CwF4EuU9gnwoMnT5A/getUpdates "HTTP/1.1 200 OK"
2025-09-27 14:01:30,775 [INFO] HTTP Request: POST https://api.telegram.org/bot8466519086:AAFAMxZobhCtNldHC3CwF4EuU9gnwoMnT5A/getUpdates "HTTP/1.1 200 OK"
2025-09-27 14:01:34,106 [INFO] HTTP Request: POST https://api.telegram.org/bot8466519086:AAFAMxZobhCtNldHC3CwF4EuU9gnwoMnT5A/getUpdates "HTTP/1.1 200 OK"
2025-09-27 14:01:34,451 [INFO] HTTP Request: POST https://api.telegram.org/bot8466519086:AAFAMxZobhCtNldHC3CwF4EuU9gnwoMnT5A/sendMessage "HTTP/1.1 200 OK"
2025-09-27 14:01:34,453 [INFO] User added HW: diffur - 136-150 (2025-09-26)
2025-09-27 14:01:44,258 [INFO] HTTP Request: POST https://api.telegram.org/bot8466519086:AAFAMxZobhCtNldHC3CwF4EuU9gnwoMnT5A/getUpdates "HTTP/1.1 200 OK"
2025-09-27 14:01:46,100 [INFO] HTTP Request: POST https://api.telegram.org/bot8466519086:AAFAMxZobhCtNldHC3CwF4EuU9gnwoMnT5A/getUpdates "HTTP/1.1 200 OK"
2025-09-27 14:01:46,363 [INFO] HTTP Request: POST https://api.telegram.org/bot8466519086:AAFAMxZobhCtNldHC3CwF4EuU9gnwoMnT5A/sendMessage "HTTP/1.1 200 OK"
2025-09-27 14:01:46,367 [INFO] User added HW: diffur - 151-160 167-171 (2025-10-01)
2025-09-27 14:01:54,350 [INFO] HTTP Request: POST https://api.telegram.org/bot8466519086:AAFAMxZobhCtNldHC3CwF4EuU9gnwoMnT5A/getUpdates "HTTP/1.1 200 OK"
2025-09-27 14:01:54,609 [INFO] HTTP Request: POST https://api.telegram.org/bot8466519086:AAFAMxZobhCtNldHC3CwF4EuU9gnwoMnT5A/sendMessage "HTTP/1.1 200 OK"
2025-09-27 14:01:54,612 [INFO] User added HW: python - https://colab.research.google.com/drive/1UjZTuBxCMFNDHxoZnyM0lNTiFmdgNGav#scrollTo=3PBIH78f_uNR (2025-10-03)
2025-09-27 14:02:04,533 [INFO] HTTP Request: POST https://api.telegram.org/bot8466519086:AAFAMxZobhCtNldHC3CwF4EuU9gnwoMnT5A/getUpdates "HTTP/1.1 200 OK"
2025-09-27 14:02:07,006 [INFO] HTTP Request: POST https://api.telegram.org/bot8466519086:AAFAMxZobhCtNldHC3CwF4EuU9gnwoMnT5A/getUpdates "HTTP/1.1 200 OK"
2025-09-27 14:02:07,255 [INFO] HTTP Request: POST https://api.telegram.org/bot8466519086:AAFAMxZobhCtNldHC3CwF4EuU9gnwoMnT5A/sendMessage "HTTP/1.1 200 OK"
2025-09-27 14:02:07,257 [INFO] User added HW: db - select, basic joins, basic aggregate functions, sorting and grouping (2025-10-03)
2025-09-27 14:02:10,779 [INFO] HTTP Request: POST https://api.telegram.org/bot8466519086:AAFAMxZobhCtNldHC3CwF4EuU9gnwoMnT5A/getUpdates "HTTP/1.1 200 OK"
2025-09-27 14:02:10,861 [INFO] HTTP Request: POST https://api.telegram.org/bot8466519086:AAFAMxZobhCtNldHC3CwF4EuU9gnwoMnT5A/sendMessage "HTTP/1.1 400 Bad Request"
2025-09-27 14:02:10,865 [ERROR] Error in hw_list: Can't parse entities: can't find end of the entity starting at byte offset 362
2025-09-27 14:02:10,963 [INFO] HTTP Request: POST https://api.telegram.org/bot8466519086:AAFAMxZobhCtNldHC3CwF4EuU9gnwoMnT5A/sendMessage "HTTP/1.1 200 OK"
2025-09-27 14:02:13,999 [INFO] HTTP Request: POST https://api.telegram.org/bot8466519086:AAFAMxZobhCtNldHC3CwF4EuU9gnwoMnT5A/getUpdates "HTTP/1.1 200 OK"
2025-09-27 14:02:14,086 [INFO] HTTP Request: POST https://api.telegram.org/bot8466519086:AAFAMxZobhCtNldHC3CwF4EuU9gnwoMnT5A/sendMessage "HTTP/1.1 400 Bad Request"
2025-09-27 14:02:14,089 [ERROR] Error in hw_list: Can't parse entities: can't find end of the entity starting at byte offset 362
2025-09-27 14:02:14,205 [INFO] HTTP Request: POST https://api.telegram.org/bot8466519086:AAFAMxZobhCtNldHC3CwF4EuU9gnwoMnT5A/sendMessage "HTTP/1.1 200 OK"
2025-09-27 14:02:15,125 [INFO] HTTP Request: POST https://api.telegram.org/bot8466519086:AAFAMxZobhCtNldHC3CwF4EuU9gnwoMnT5A/getUpdates "HTTP/1.1 200 OK"
2025-09-27 14:02:15,198 [INFO] HTTP Request: POST https://api.telegram.org/bot8466519086:AAFAMxZobhCtNldHC3CwF4EuU9gnwoMnT5A/sendMessage "HTTP/1.1 400 Bad Request"
2025-09-27 14:02:15,199 [ERROR] Error in hw_list: Can't parse entities: can't find end of the entity starting at byte offset 362
2025-09-27 14:02:15,291 [INFO] HTTP Request: POST https://api.telegram.org/bot8466519086:AAFAMxZobhCtNldHC3CwF4EuU9gnwoMnT5A/sendMessage "HTTP/1.1 200 OK"
2025-09-27 14:02:18,857 [INFO] HTTP Request: POST https://api.telegram.org/bot8466519086:AAFAMxZobhCtNldHC3CwF4EuU9gnwoMnT5A/getUpdates "HTTP/1.1 200 OK"
2025-09-27 14:02:18,947 [INFO] HTTP Request: POST https://api.telegram.org/bot8466519086:AAFAMxZobhCtNldHC3CwF4EuU9gnwoMnT5A/sendMessage "HTTP/1.1 200 OK"
2025-09-27 14:02:23,034 [INFO] HTTP Request: POST https://api.telegram.org/bot8466519086:AAFAMxZobhCtNldHC3CwF4EuU9gnwoMnT5A/getUpdates "HTTP/1.1 200 OK"
2025-09-27 14:02:23,109 [INFO] HTTP Request: POST https://api.telegram.org/bot8466519086:AAFAMxZobhCtNldHC3CwF4EuU9gnwoMnT5A/sendMessage "HTTP/1.1 400 Bad Request"
2025-09-27 14:02:23,112 [ERROR] Error in hw_list: Can't parse entities: can't find end of the entity starting at byte offset 362
2025-09-27 14:02:23,205 [INFO] HTTP Request: POST https://api.telegram.org/bot8466519086:AAFAMxZobhCtNldHC3CwF4EuU9gnwoMnT5A/sendMessage "HTTP/1.1 200 OK"
2025-09-27 14:02:31,771 [INFO] HTTP Request: POST https://api.telegram.org/bot8466519086:AAFAMxZobhCtNldHC3CwF4EuU9gnwoMnT5A/getUpdates "HTTP/1.1 200 OK"
2025-09-27 14:02:32,037 [INFO] HTTP Request: POST https://api.telegram.org/bot8466519086:AAFAMxZobhCtNldHC3CwF4EuU9gnwoMnT5A/sendMessage "HTTP/1.1 200 OK"
2025-09-27 14:02:33,815 [INFO] HTTP Request: POST https://api.telegram.org/bot8466519086:AAFAMxZobhCtNldHC3CwF4EuU9gnwoMnT5A/getUpdates "HTTP/1.1 200 OK"
2025-09-27 14:02:33,893 [INFO] HTTP Request: POST https://api.telegram.org/bot8466519086:AAFAMxZobhCtNldHC3CwF4EuU9gnwoMnT5A/sendMessage "HTTP/1.1 400 Bad Request"
2025-09-27 14:02:33,895 [ERROR] Error in hw_list: Can't parse entities: can't find end of the entity starting at byte offset 362
2025-09-27 14:02:33,997 [INFO] HTTP Request: POST https://api.telegram.org/bot8466519086:AAFAMxZobhCtNldHC3CwF4EuU9gnwoMnT5A/sendMessage "HTTP/1.1 200 OK"
2025-09-27 14:02:37,981 [INFO] HTTP Request: POST https://api.telegram.org/bot8466519086:AAFAMxZobhCtNldHC3CwF4EuU9gnwoMnT5A/getUpdates "HTTP/1.1 200 OK"
2025-09-27 14:02:38,096 [INFO] HTTP Request: POST https://api.telegram.org/bot8466519086:AAFAMxZobhCtNldHC3CwF4EuU9gnwoMnT5A/sendMessage "HTTP/1.1 200 OK"
2025-09-27 14:02:40,156 [INFO] HTTP Request: POST https://api.telegram.org/bot8466519086:AAFAMxZobhCtNldHC3CwF4EuU9gnwoMnT5A/getUpdates "HTTP/1.1 200 OK"
2025-09-27 14:02:40,308 [INFO] HTTP Request: POST https://api.telegram.org/bot8466519086:AAFAMxZobhCtNldHC3CwF4EuU9gnwoMnT5A/sendMessage "HTTP/1.1 200 OK"
2025-09-27 14:02:49,147 [INFO] HTTP Request: POST https://api.telegram.org/bot8466519086:AAFAMxZobhCtNldHC3CwF4EuU9gnwoMnT5A/getUpdates "HTTP/1.1 200 OK"
2025-09-27 14:02:49,395 [INFO] HTTP Request: POST https://api.telegram.org/bot8466519086:AAFAMxZobhCtNldHC3CwF4EuU9gnwoMnT5A/sendMessage "HTTP/1.1 400 Bad Request"
2025-09-27 14:02:49,395 [ERROR] Error in hw_list: Can't parse entities: can't find end of the entity starting at byte offset 362
2025-09-27 14:02:49,494 [INFO] HTTP Request: POST https://api.telegram.org/bot8466519086:AAFAMxZobhCtNldHC3CwF4EuU9gnwoMnT5A/sendMessage "HTTP/1.1 200 OK"
2025-09-27 14:02:59,316 [INFO] HTTP Request: POST https://api.telegram.org/bot8466519086:AAFAMxZobhCtNldHC3CwF4EuU9gnwoMnT5A/getUpdates "HTTP/1.1 200 OK"
2025-09-27 14:03:11,920 [INFO] HTTP Request: POST https://api.telegram.org/bot8466519086:AAFAMxZobhCtNldHC3CwF4EuU9gnwoMnT5A/getUpdates "HTTP/1.1 200 OK"
2025-09-27 14:03:22,772 [INFO] HTTP Request: POST https://api.telegram.org/bot8466519086:AAFAMxZobhCtNldHC3CwF4EuU9gnwoMnT5A/getUpdates "HTTP/1.1 200 OK"
2025-09-27 14:03:32,904 [INFO] HTTP Request: POST https://api.telegram.org/bot8466519086:AAFAMxZobhCtNldHC3CwF4EuU9gnwoMnT5A/getUpdates "HTTP/1.1 200 OK"
2025-09-27 14:03:43,042 [INFO] HTTP Request: POST https://api.telegram.org/bot8466519086:AAFAMxZobhCtNldHC3CwF4EuU9gnwoMnT5A/getUpdates "HTTP/1.1 200 OK"
2025-09-27 14:03:53,180 [INFO] HTTP Request: POST https://api.telegram.org/bot8466519086:AAFAMxZobhCtNldHC3CwF4EuU9gnwoMnT5A/getUpdates "HTTP/1.1 200 OK"
2025-09-27 14:04:04,078 [INFO] HTTP Request: POST https://api.telegram.org/bot8466519086:AAFAMxZobhCtNldHC3CwF4EuU9gnwoMnT5A/getUpdates "HTTP/1.1 200 OK"
2025-09-27 14:04:15,072 [INFO] HTTP Request: POST https://api.telegram.org/bot8466519086:AAFAMxZobhCtNldHC3CwF4EuU9gnwoMnT5A/getUpdates "HTTP/1.1 200 OK"
2025-09-27 14:04:25,231 [INFO] HTTP Request: POST https://api.telegram.org/bot8466519086:AAFAMxZobhCtNldHC3CwF4EuU9gnwoMnT5A/getUpdates "HTTP/1.1 200 OK"
2025-09-27 14:04:35,368 [INFO] HTTP Request: POST https://api.telegram.org/bot8466519086:AAFAMxZobhCtNldHC3CwF4EuU9gnwoMnT5A/getUpdates "HTTP/1.1 200 OK"
2025-09-27 14:04:45,506 [INFO] HTTP Request: POST https://api.telegram.org/bot8466519086:AAFAMxZobhCtNldHC3CwF4EuU9gnwoMnT5A/getUpdates "HTTP/1.1 200 OK"
2025-09-27 14:04:55,576 [INFO] HTTP Request: POST https://api.telegram.org/bot8466519086:AAFAMxZobhCtNldHC3CwF4EuU9gnwoMnT5A/getUpdates "HTTP/1.1 200 OK"
2025-09-27 14:05:05,783 [INFO] HTTP Request: POST https://api.telegram.org/bot8466519086:AAFAMxZobhCtNldHC3CwF4EuU9gnwoMnT5A/getUpdates "HTTP/1.1 200 OK"
2025-09-27 14:05:15,849 [INFO] HTTP Request: POST https://api.telegram.org/bot8466519086:AAFAMxZobhCtNldHC3CwF4EuU9gnwoMnT5A/getUpdates "HTTP/1.1 200 OK"
2025-09-27 14:05:25,919 [INFO] HTTP Request: POST https://api.telegram.org/bot8466519086:AAFAMxZobhCtNldHC3CwF4EuU9gnwoMnT5A/getUpdates "HTTP/1.1 200 OK"
2025-09-27 14:05:35,989 [INFO] HTTP Request: POST https://api.telegram.org/bot8466519086:AAFAMxZobhCtNldHC3CwF4EuU9gnwoMnT5A/getUpdates "HTTP/1.1 200 OK"
2025-09-27 14:05:46,065 [INFO] HTTP Request: POST https://api.telegram.org/bot8466519086:AAFAMxZobhCtNldHC3CwF4EuU9gnwoMnT5A/getUpdates "HTTP/1.1 200 OK"
2025-09-27 14:05:56,152 [INFO] HTTP Request: POST https://api.telegram.org/bot8466519086:AAFAMxZobhCtNldHC3CwF4EuU9gnwoMnT5A/getUpdates "HTTP/1.1 200 OK"
2025-09-27 14:06:06,302 [INFO] HTTP Request: POST https://api.telegram.org/bot8466519086:AAFAMxZobhCtNldHC3CwF4EuU9gnwoMnT5A/getUpdates "HTTP/1.1 200 OK"
2025-09-27 14:06:16,441 [INFO] HTTP Request: POST https://api.telegram.org/bot8466519086:AAFAMxZobhCtNldHC3CwF4EuU9gnwoMnT5A/getUpdates "HTTP/1.1 200 OK"
2025-09-27 14:06:26,577 [INFO] HTTP Request: POST https://api.telegram.org/bot8466519086:AAFAMxZobhCtNldHC3CwF4EuU9gnwoMnT5A/getUpdates "HTTP/1.1 200 OK"
2025-09-27 14:06:36,713 [INFO] HTTP Request: POST https://api.telegram.org/bot8466519086:AAFAMxZobhCtNldHC3CwF4EuU9gnwoMnT5A/getUpdates "HTTP/1.1 200 OK"
2025-09-27 14:06:40,752 [INFO] Received signal 2, shutting down...
2025-09-27 14:06:40,753 [INFO] Reminder scheduler cancelled
2025-09-27 14:06:40,754 [INFO] Shutting down bot...
2025-09-27 14:06:40,754 [INFO] Application is stopping. This might take a moment.
2025-09-27 14:06:44,416 [INFO] Starting simple study bot...
2025-09-27 14:06:44,687 [INFO] HTTP Request: POST https://api.telegram.org/bot8466519086:AAFAMxZobhCtNldHC3CwF4EuU9gnwoMnT5A/setMyCommands "HTTP/1.1 200 OK"
2025-09-27 14:06:44,753 [INFO] HTTP Request: POST https://api.telegram.org/bot8466519086:AAFAMxZobhCtNldHC3CwF4EuU9gnwoMnT5A/getMe "HTTP/1.1 200 OK"
2025-09-27 14:06:44,754 [INFO] Simple study bot started successfully
2025-09-27 14:06:44,754 [INFO] Scheduler started
2025-09-27 14:06:44,755 [INFO] Application started
2025-09-27 14:06:44,825 [INFO] HTTP Request: POST https://api.telegram.org/bot8466519086:AAFAMxZobhCtNldHC3CwF4EuU9gnwoMnT5A/deleteWebhook "HTTP/1.1 200 OK"
2025-09-27 14:06:55,146 [INFO] HTTP Request: POST https://api.telegram.org/bot8466519086:AAFAMxZobhCtNldHC3CwF4EuU9gnwoMnT5A/getUpdates "HTTP/1.1 200 OK"
2025-09-27 14:06:57,193 [INFO] HTTP Request: POST https://api.telegram.org/bot8466519086:AAFAMxZobhCtNldHC3CwF4EuU9gnwoMnT5A/getUpdates "HTTP/1.1 200 OK"
2025-09-27 14:06:57,501 [INFO] HTTP Request: POST https://api.telegram.org/bot8466519086:AAFAMxZobhCtNldHC3CwF4EuU9gnwoMnT5A/sendMessage "HTTP/1.1 400 Bad Request"
2025-09-27 14:06:57,503 [WARNING] MarkdownV2 failed, trying plain text: Can't parse entities: character '.' is reserved and must be escaped with the preceding '\'
2025-09-27 14:06:57,832 [INFO] HTTP Request: POST https://api.telegram.org/bot8466519086:AAFAMxZobhCtNldHC3CwF4EuU9gnwoMnT5A/sendMessage "HTTP/1.1 200 OK"
2025-09-27 14:07:07,331 [INFO] HTTP Request: POST https://api.telegram.org/bot8466519086:AAFAMxZobhCtNldHC3CwF4EuU9gnwoMnT5A/getUpdates "HTTP/1.1 200 OK"
2025-09-27 14:07:17,468 [INFO] HTTP Request: POST https://api.telegram.org/bot8466519086:AAFAMxZobhCtNldHC3CwF4EuU9gnwoMnT5A/getUpdates "HTTP/1.1 200 OK"
2025-09-27 14:07:27,823 [INFO] HTTP Request: POST https://api.telegram.org/bot8466519086:AAFAMxZobhCtNldHC3CwF4EuU9gnwoMnT5A/getUpdates "HTTP/1.1 200 OK"
2025-09-27 14:07:27,892 [INFO] HTTP Request: POST https://api.telegram.org/bot8466519086:AAFAMxZobhCtNldHC3CwF4EuU9gnwoMnT5A/getUpdates "HTTP/1.1 200 OK"
2025-09-27 14:07:31,277 [INFO] HTTP Request: POST https://api.telegram.org/bot8466519086:AAFAMxZobhCtNldHC3CwF4EuU9gnwoMnT5A/getUpdates "HTTP/1.1 200 OK"
2025-09-27 14:07:31,502 [INFO] HTTP Request: POST https://api.telegram.org/bot8466519086:AAFAMxZobhCtNldHC3CwF4EuU9gnwoMnT5A/sendMessage "HTTP/1.1 400 Bad Request"
2025-09-27 14:07:31,505 [WARNING] MarkdownV2 failed, trying plain text: Can't parse entities: character '.' is reserved and must be escaped with the preceding '\'
2025-09-27 14:07:31,672 [INFO] HTTP Request: POST https://api.telegram.org/bot8466519086:AAFAMxZobhCtNldHC3CwF4EuU9gnwoMnT5A/sendMessage "HTTP/1.1 200 OK"
2025-09-27 14:07:41,433 [INFO] HTTP Request: POST https://api.telegram.org/bot8466519086:AAFAMxZobhCtNldHC3CwF4EuU9gnwoMnT5A/getUpdates "HTTP/1.1 200 OK"
2025-09-27 14:07:51,503 [INFO] HTTP Request: POST https://api.telegram.org/bot8466519086:AAFAMxZobhCtNldHC3CwF4EuU9gnwoMnT5A/getUpdates "HTTP/1.1 200 OK"
2025-09-27 14:08:01,602 [INFO] HTTP Request: POST https://api.telegram.org/bot8466519086:AAFAMxZobhCtNldHC3CwF4EuU9gnwoMnT5A/getUpdates "HTTP/1.1 200 OK"
2025-09-27 14:08:11,670 [INFO] HTTP Request: POST https://api.telegram.org/bot8466519086:AAFAMxZobhCtNldHC3CwF4EuU9gnwoMnT5A/getUpdates "HTTP/1.1 200 OK"
2025-09-27 14:08:22,046 [INFO] HTTP Request: POST https://api.telegram.org/bot8466519086:AAFAMxZobhCtNldHC3CwF4EuU9gnwoMnT5A/getUpdates "HTTP/1.1 200 OK"
2025-09-27 14:08:32,555 [INFO] HTTP Request: POST https://api.telegram.org/bot8466519086:AAFAMxZobhCtNldHC3CwF4EuU9gnwoMnT5A/getUpdates "HTTP/1.1 200 OK"
2025-09-27 14:08:43,199 [INFO] HTTP Request: POST https://api.telegram.org/bot8466519086:AAFAMxZobhCtNldHC3CwF4EuU9gnwoMnT5A/getUpdates "HTTP/1.1 200 OK"
2025-09-27 14:08:53,315 [INFO] HTTP Request: POST https://api.telegram.org/bot8466519086:AAFAMxZobhCtNldHC3CwF4EuU9gnwoMnT5A/getUpdates "HTTP/1.1 200 OK"
2025-09-27 14:09:03,408 [INFO] HTTP Request: POST https://api.telegram.org/bot8466519086:AAFAMxZobhCtNldHC3CwF4EuU9gnwoMnT5A/getUpdates "HTTP/1.1 200 OK"
2025-09-27 14:09:13,478 [INFO] HTTP Request: POST https://api.telegram.org/bot8466519086:AAFAMxZobhCtNldHC3CwF4EuU9gnwoMnT5A/getUpdates "HTTP/1.1 200 OK"
2025-09-27 14:09:23,626 [INFO] HTTP Request: POST https://api.telegram.org/bot8466519086:AAFAMxZobhCtNldHC3CwF4EuU9gnwoMnT5A/getUpdates "HTTP/1.1 200 OK"
2025-09-27 14:09:33,695 [INFO] HTTP Request: POST https://api.telegram.org/bot8466519086:AAFAMxZobhCtNldHC3CwF4EuU9gnwoMnT5A/getUpdates "HTTP/1.1 200 OK"
2025-09-27 14:09:43,800 [INFO] HTTP Request: POST https://api.telegram.org/bot8466519086:AAFAMxZobhCtNldHC3CwF4EuU9gnwoMnT5A/getUpdates "HTTP/1.1 200 OK"
2025-09-27 14:09:53,877 [INFO] HTTP Request: POST https://api.telegram.org/bot8466519086:AAFAMxZobhCtNldHC3CwF4EuU9gnwoMnT5A/getUpdates "HTTP/1.1 200 OK"
2025-09-27 14:10:03,949 [INFO] HTTP Request: POST https://api.telegram.org/bot8466519086:AAFAMxZobhCtNldHC3CwF4EuU9gnwoMnT5A/getUpdates "HTTP/1.1 200 OK"
2025-09-27 14:10:14,025 [INFO] HTTP Request: POST https://api.telegram.org/bot8466519086:AAFAMxZobhCtNldHC3CwF4EuU9gnwoMnT5A/getUpdates "HTTP/1.1 200 OK"
2025-09-27 14:10:24,099 [INFO] HTTP Request: POST https://api.telegram.org/bot8466519086:AAFAMxZobhCtNldHC3CwF4EuU9gnwoMnT5A/getUpdates "HTTP/1.1 200 OK"
2025-09-27 14:10:27,367 [INFO] Received signal 2, shutting down...
2025-09-27 14:10:27,369 [INFO] Reminder scheduler cancelled
2025-09-27 14:10:27,369 [INFO] Shutting down bot...
2025-09-27 14:10:27,370 [INFO] Application is stopping. This might take a moment.
2025-10-02 00:19:55,433 [INFO] Starting study bot...
2025-10-02 00:19:55,471 [INFO] All command handlers registered
2025-10-02 00:19:55,708 [INFO] HTTP Request: POST https://api.telegram.org/bot8466519086:AAFAMxZobhCtNldHC3CwF4EuU9gnwoMnT5A/getMe "HTTP/1.1 200 OK"
2025-10-02 00:19:55,710 [INFO] Scheduler started
2025-10-02 00:19:55,711 [INFO] Application started
2025-10-02 00:19:55,711 [INFO] Bot started successfully
2025-10-02 00:19:55,712 [INFO] Reminder scheduler started
2025-10-02 00:19:55,780 [INFO] HTTP Request: POST https://api.telegram.org/bot8466519086:AAFAMxZobhCtNldHC3CwF4EuU9gnwoMnT5A/deleteWebhook "HTTP/1.1 200 OK"
2025-10-02 00:19:55,782 [INFO] Polling started
2025-10-02 00:20:07,111 [INFO] HTTP Request: POST https://api.telegram.org/bot8466519086:AAFAMxZobhCtNldHC3CwF4EuU9gnwoMnT5A/getUpdates "HTTP/1.1 200 OK"
2025-10-02 00:20:17,281 [INFO] HTTP Request: POST https://api.telegram.org/bot8466519086:AAFAMxZobhCtNldHC3CwF4EuU9gnwoMnT5A/getUpdates "HTTP/1.1 200 OK"
2025-10-02 00:20:27,418 [INFO] HTTP Request: POST https://api.telegram.org/bot8466519086:AAFAMxZobhCtNldHC3CwF4EuU9gnwoMnT5A/getUpdates "HTTP/1.1 200 OK"
2025-10-02 00:20:35,158 [INFO] HTTP Request: POST https://api.telegram.org/bot8466519086:AAFAMxZobhCtNldHC3CwF4EuU9gnwoMnT5A/getUpdates "HTTP/1.1 200 OK"
2025-10-02 00:20:35,417 [INFO] HTTP Request: POST https://api.telegram.org/bot8466519086:AAFAMxZobhCtNldHC3CwF4EuU9gnwoMnT5A/sendMessage "HTTP/1.1 200 OK"
2025-10-02 00:20:39,021 [INFO] HTTP Request: POST https://api.telegram.org/bot8466519086:AAFAMxZobhCtNldHC3CwF4EuU9gnwoMnT5A/getUpdates "HTTP/1.1 200 OK"
2025-10-02 00:20:39,027 [INFO] Auto-removed 2 overdue homework items
2025-10-02 00:20:39,102 [INFO] HTTP Request: POST https://api.telegram.org/bot8466519086:AAFAMxZobhCtNldHC3CwF4EuU9gnwoMnT5A/sendMessage "HTTP/1.1 400 Bad Request"
2025-10-02 00:20:39,105 [WARNING] MarkdownV2 failed, trying plain text: Can't parse entities: character '.' is reserved and must be escaped with the preceding '\'
2025-10-02 00:20:39,278 [INFO] HTTP Request: POST https://api.telegram.org/bot8466519086:AAFAMxZobhCtNldHC3CwF4EuU9gnwoMnT5A/sendMessage "HTTP/1.1 200 OK"
2025-10-02 00:20:49,103 [INFO] HTTP Request: POST https://api.telegram.org/bot8466519086:AAFAMxZobhCtNldHC3CwF4EuU9gnwoMnT5A/getUpdates "HTTP/1.1 200 OK"
2025-10-02 00:20:59,329 [INFO] HTTP Request: POST https://api.telegram.org/bot8466519086:AAFAMxZobhCtNldHC3CwF4EuU9gnwoMnT5A/getUpdates "HTTP/1.1 200 OK"
2025-10-02 00:21:09,402 [INFO] HTTP Request: POST https://api.telegram.org/bot8466519086:AAFAMxZobhCtNldHC3CwF4EuU9gnwoMnT5A/getUpdates "HTTP/1.1 200 OK"
2025-10-02 00:21:11,722 [INFO] HTTP Request: POST https://api.telegram.org/bot8466519086:AAFAMxZobhCtNldHC3CwF4EuU9gnwoMnT5A/getUpdates "HTTP/1.1 200 OK"
2025-10-02 00:21:12,049 [INFO] HTTP Request: POST https://api.telegram.org/bot8466519086:AAFAMxZobhCtNldHC3CwF4EuU9gnwoMnT5A/sendMessage "HTTP/1.1 200 OK"
2025-10-02 00:21:21,895 [INFO] HTTP Request: POST https://api.telegram.org/bot8466519086:AAFAMxZobhCtNldHC3CwF4EuU9gnwoMnT5A/getUpdates "HTTP/1.1 200 OK"
2025-10-02 00:21:30,089 [INFO] HTTP Request: POST https://api.telegram.org/bot8466519086:AAFAMxZobhCtNldHC3CwF4EuU9gnwoMnT5A/getUpdates "HTTP/1.1 200 OK"
2025-10-02 00:21:35,145 [INFO] HTTP Request: POST https://api.telegram.org/bot8466519086:AAFAMxZobhCtNldHC3CwF4EuU9gnwoMnT5A/getUpdates "HTTP/1.1 200 OK"
2025-10-02 00:21:35,374 [INFO] HTTP Request: POST https://api.telegram.org/bot8466519086:AAFAMxZobhCtNldHC3CwF4EuU9gnwoMnT5A/sendMessage "HTTP/1.1 400 Bad Request"
2025-10-02 00:21:35,375 [WARNING] MarkdownV2 failed, trying plain text: Can't parse entities: character '.' is reserved and must be escaped with the preceding '\'
2025-10-02 00:21:35,525 [INFO] HTTP Request: POST https://api.telegram.org/bot8466519086:AAFAMxZobhCtNldHC3CwF4EuU9gnwoMnT5A/sendMessage "HTTP/1.1 200 OK"
2025-10-02 00:21:45,242 [INFO] HTTP Request: POST https://api.telegram.org/bot8466519086:AAFAMxZobhCtNldHC3CwF4EuU9gnwoMnT5A/getUpdates "HTTP/1.1 200 OK"
2025-10-02 00:21:55,380 [INFO] HTTP Request: POST https://api.telegram.org/bot8466519086:AAFAMxZobhCtNldHC3CwF4EuU9gnwoMnT5A/getUpdates "HTTP/1.1 200 OK"
2025-10-02 00:22:01,380 [INFO] HTTP Request: POST https://api.telegram.org/bot8466519086:AAFAMxZobhCtNldHC3CwF4EuU9gnwoMnT5A/getUpdates "HTTP/1.1 200 OK"
2025-10-02 00:22:03,881 [INFO] HTTP Request: POST https://api.telegram.org/bot8466519086:AAFAMxZobhCtNldHC3CwF4EuU9gnwoMnT5A/getUpdates "HTTP/1.1 200 OK"
2025-10-02 00:22:13,956 [INFO] HTTP Request: POST https://api.telegram.org/bot8466519086:AAFAMxZobhCtNldHC3CwF4EuU9gnwoMnT5A/getUpdates "HTTP/1.1 200 OK"
2025-10-02 00:22:24,227 [INFO] HTTP Request: POST https://api.telegram.org/bot8466519086:AAFAMxZobhCtNldHC3CwF4EuU9gnwoMnT5A/getUpdates "HTTP/1.1 200 OK"
2025-10-02 00:22:34,394 [INFO] HTTP Request: POST https://api.telegram.org/bot8466519086:AAFAMxZobhCtNldHC3CwF4EuU9gnwoMnT5A/getUpdates "HTTP/1.1 200 OK"
2025-10-02 00:22:44,534 [INFO] HTTP Request: POST https://api.telegram.org/bot8466519086:AAFAMxZobhCtNldHC3CwF4EuU9gnwoMnT5A/getUpdates "HTTP/1.1 200 OK"
2025-10-02 00:22:54,670 [INFO] HTTP Request: POST https://api.telegram.org/bot8466519086:AAFAMxZobhCtNldHC3CwF4EuU9gnwoMnT5A/getUpdates "HTTP/1.1 200 OK"
2025-10-02 00:23:04,807 [INFO] HTTP Request: POST https://api.telegram.org/bot8466519086:AAFAMxZobhCtNldHC3CwF4EuU9gnwoMnT5A/getUpdates "HTTP/1.1 200 OK"
2025-10-02 00:23:14,945 [INFO] HTTP Request: POST https://api.telegram.org/bot8466519086:AAFAMxZobhCtNldHC3CwF4EuU9gnwoMnT5A/getUpdates "HTTP/1.1 200 OK"
2025-10-02 00:23:25,083 [INFO] HTTP Request: POST https://api.telegram.org/bot8466519086:AAFAMxZobhCtNldHC3CwF4EuU9gnwoMnT5A/getUpdates "HTTP/1.1 200 OK"
2025-10-02 00:23:35,161 [INFO] HTTP Request: POST https://api.telegram.org/bot8466519086:AAFAMxZobhCtNldHC3CwF4EuU9gnwoMnT5A/getUpdates "HTTP/1.1 200 OK"
2025-10-02 00:23:45,228 [INFO] HTTP Request: POST https://api.telegram.org/bot8466519086:AAFAMxZobhCtNldHC3CwF4EuU9gnwoMnT5A/getUpdates "HTTP/1.1 200 OK"
2025-10-02 00:23:55,294 [INFO] HTTP Request: POST https://api.telegram.org/bot8466519086:AAFAMxZobhCtNldHC3CwF4EuU9gnwoMnT5A/getUpdates "HTTP/1.1 200 OK"
2025-10-02 00:24:05,482 [INFO] HTTP Request: POST https://api.telegram.org/bot8466519086:AAFAMxZobhCtNldHC3CwF4EuU9gnwoMnT5A/getUpdates "HTTP/1.1 200 OK"
2025-10-02 00:24:15,547 [INFO] HTTP Request: POST https://api.telegram.org/bot8466519086:AAFAMxZobhCtNldHC3CwF4EuU9gnwoMnT5A/getUpdates "HTTP/1.1 200 OK"
2025-10-02 00:24:25,618 [INFO] HTTP Request: POST https://api.telegram.org/bot8466519086:AAFAMxZobhCtNldHC3CwF4EuU9gnwoMnT5A/getUpdates "HTTP/1.1 200 OK"
2025-10-02 00:24:35,683 [INFO] HTTP Request: POST https://api.telegram.org/bot8466519086:AAFAMxZobhCtNldHC3CwF4EuU9gnwoMnT5A/getUpdates "HTTP/1.1 200 OK"
2025-10-02 00:24:45,749 [INFO] HTTP Request: POST https://api.telegram.org/bot8466519086:AAFAMxZobhCtNldHC3CwF4EuU9gnwoMnT5A/getUpdates "HTTP/1.1 200 OK"
2025-10-02 00:24:55,818 [INFO] HTTP Request: POST https://api.telegram.org/bot8466519086:AAFAMxZobhCtNldHC3CwF4EuU9gnwoMnT5A/getUpdates "HTTP/1.1 200 OK"
2025-10-02 00:25:05,883 [INFO] HTTP Request: POST https://api.telegram.org/bot8466519086:AAFAMxZobhCtNldHC3CwF4EuU9gnwoMnT5A/getUpdates "HTTP/1.1 200 OK"
2025-10-02 00:25:15,982 [INFO] HTTP Request: POST https://api.telegram.org/bot8466519086:AAFAMxZobhCtNldHC3CwF4EuU9gnwoMnT5A/getUpdates "HTTP/1.1 200 OK"
2025-10-02 00:25:26,119 [INFO] HTTP Request: POST https://api.telegram.org/bot8466519086:AAFAMxZobhCtNldHC3CwF4EuU9gnwoMnT5A/getUpdates "HTTP/1.1 200 OK"
2025-10-02 00:25:36,186 [INFO] HTTP Request: POST https://api.telegram.org/bot8466519086:AAFAMxZobhCtNldHC3CwF4EuU9gnwoMnT5A/getUpdates "HTTP/1.1 200 OK"
2025-10-02 00:25:46,254 [INFO] HTTP Request: POST https://api.telegram.org/bot8466519086:AAFAMxZobhCtNldHC3CwF4EuU9gnwoMnT5A/getUpdates "HTTP/1.1 200 OK"
2025-10-02 00:25:56,320 [INFO] HTTP Request: POST https://api.telegram.org/bot8466519086:AAFAMxZobhCtNldHC3CwF4EuU9gnwoMnT5A/getUpdates "HTTP/1.1 200 OK"
2025-10-02 00:26:06,385 [INFO] HTTP Request: POST https://api.telegram.org/bot8466519086:AAFAMxZobhCtNldHC3CwF4EuU9gnwoMnT5A/getUpdates "HTTP/1.1 200 OK"
2025-10-02 00:26:16,825 [INFO] HTTP Request: POST https://api.telegram.org/bot8466519086:AAFAMxZobhCtNldHC3CwF4EuU9gnwoMnT5A/getUpdates "HTTP/1.1 200 OK"
2025-10-02 00:26:26,910 [INFO] HTTP Request: POST https://api.telegram.org/bot8466519086:AAFAMxZobhCtNldHC3CwF4EuU9gnwoMnT5A/getUpdates "HTTP/1.1 200 OK"
2025-10-02 00:26:36,982 [INFO] HTTP Request: POST https://api.telegram.org/bot8466519086:AAFAMxZobhCtNldHC3CwF4EuU9gnwoMnT5A/getUpdates "HTTP/1.1 200 OK"
2025-10-02 00:26:47,102 [INFO] HTTP Request: POST https://api.telegram.org/bot8466519086:AAFAMxZobhCtNldHC3CwF4EuU9gnwoMnT5A/getUpdates "HTTP/1.1 200 OK"
2025-10-02 00:26:57,256 [INFO] HTTP Request: POST https://api.telegram.org/bot8466519086:AAFAMxZobhCtNldHC3CwF4EuU9gnwoMnT5A/getUpdates "HTTP/1.1 200 OK"
2025-10-02 00:27:07,323 [INFO] HTTP Request: POST https://api.telegram.org/bot8466519086:AAFAMxZobhCtNldHC3CwF4EuU9gnwoMnT5A/getUpdates "HTTP/1.1 200 OK"
2025-10-02 00:27:10,241 [INFO] Received signal 2, shutting down...
2025-10-02 00:27:14,232 [INFO] Received signal 2, shutting down...
2025-10-02 00:27:14,690 [INFO] Received signal 2, shutting down...
2025-10-02 00:27:14,919 [INFO] Received signal 2, shutting down...
2025-10-02 00:27:15,099 [INFO] Received signal 2, shutting down...
2025-10-02 00:27:15,264 [INFO] Received signal 2, shutting down...
2025-10-02 00:27:15,446 [INFO] Received signal 2, shutting down...
2025-10-02 00:27:15,794 [INFO] Received signal 2, shutting down...
2025-10-02 00:27:15,991 [INFO] Received signal 2, shutting down...
2025-10-02 00:27:16,203 [INFO] Received signal 2, shutting down...
2025-10-02 00:27:17,433 [INFO] Shutting down bot...
2025-10-02 00:27:17,434 [INFO] Reminder scheduler cancelled
2025-10-02 00:27:17,436 [INFO] HTTP Request: POST https://api.telegram.org/bot8466519086:AAFAMxZobhCtNldHC3CwF4EuU9gnwoMnT5A/getUpdates "HTTP/1.1 200 OK"
2025-10-02 00:27:17,505 [INFO] HTTP Request: POST https://api.telegram.org/bot8466519086:AAFAMxZobhCtNldHC3CwF4EuU9gnwoMnT5A/getUpdates "HTTP/1.1 200 OK"
2025-10-02 00:27:17,507 [INFO] Application is stopping. This might take a moment.
2025-10-02 00:27:17,508 [INFO] Scheduler has been shut down
2025-10-02 00:27:17,519 [INFO] Application.stop() complete
2025-10-02 00:27:17,521 [INFO] Bot stopped successfully
2025-10-02 00:27:17,522 [INFO] Lock released, exiting
